<?xml version="1.0" encoding="UTF-8"?>
<!-- Generated by org.testng.reporters.JUnitReportReporter -->
<testsuite skipped="0" hostname="INLTH5CG7041C7J" name="com.google.links100.Link10" tests="1" failures="0" timestamp="03 Nov 2019 20:59:53 GMT" time="14.161" errors="0">
  <testcase name="navigateURL" time="14.161" classname="com.google.links100.Link10"/>
</testsuite> <!-- com.google.links100.Link10 -->
