<?xml version="1.0" encoding="UTF-8"?>
<!-- Generated by org.testng.reporters.JUnitReportReporter -->
<testsuite skipped="0" hostname="INLTH5CG7041C7J" name="com.google.links100.Link2" tests="1" failures="0" timestamp="03 Nov 2019 20:59:53 GMT" time="8.560" errors="0">
  <testcase name="navigateURL" time="8.560" classname="com.google.links100.Link2"/>
</testsuite> <!-- com.google.links100.Link2 -->
